<?xml version="1.0" encoding="UTF-8"?>
<!-- Generated by org.testng.reporters.JUnitReportReporter -->
<testsuite skipped="0" hostname="DESKTOP-4SGBL4I" name="practice.AppiumFramework.EcommerceTest" tests="1" failures="0" timestamp="13 Jun 2020 08:33:40 GMT" time="39.731" errors="0">
  <testcase name="formFilling" time="39.731" classname="practice.AppiumFramework.EcommerceTest"/>
</testsuite> <!-- practice.AppiumFramework.EcommerceTest -->
