<?xml version="1.0" encoding="UTF-8"?>
<!-- Generated by org.testng.reporters.JUnitReportReporter -->
<testsuite skipped="0" hostname="DESKTOP-4SGBL4I" name="practice.AppiumFramework.Ecommerce" tests="1" failures="0" timestamp="12 Jun 2020 03:54:53 GMT" time="30.379" errors="0">
  <testcase name="formFilling" time="30.379" classname="practice.AppiumFramework.Ecommerce"/>
</testsuite> <!-- practice.AppiumFramework.Ecommerce -->
