<?xml version="1.0" encoding="UTF-8"?>
<!-- Generated by org.testng.reporters.JUnitReportReporter -->
<testsuite skipped="0" hostname="DESKTOP-4SGBL4I" name="practice.AppiumFramework.ApiDemosTest" tests="1" failures="0" timestamp="13 Jun 2020 08:37:30 GMT" time="49.901" errors="0">
  <testcase name="apiDemoHome" time="49.901" classname="practice.AppiumFramework.ApiDemosTest"/>
</testsuite> <!-- practice.AppiumFramework.ApiDemosTest -->
